<?xml version="1.0" encoding="UTF-8"?>
<!-- Generated by org.testng.reporters.JUnitReportReporter -->
<testsuite hostname="USSJOARPOJHA1" failures="0" tests="1" name="cucumber.TestNGTestRunner" time="30.035" errors="0" timestamp="2023-11-08T12:08:55 PST" skipped="0">
  <testcase classname="cucumber.TestNGTestRunner" name="runScenario" time="30.035"/>
</testsuite> <!-- cucumber.TestNGTestRunner -->
